# Logfile created on 2023-05-19 14:36:07 +0300 by logger.rb/61378
I, [2023-05-19T14:36:07.288492 #12185]  INFO -- : Adding view to update student controller
I, [2023-05-19T14:36:12.850563 #12185]  INFO -- : Validating fields
I, [2023-05-19T14:36:13.128199 #12185]  INFO -- : Validating fields
I, [2023-05-19T14:36:14.305126 #12185]  INFO -- : Saving updated student
I, [2023-05-19T14:36:14.306308 #12185]  INFO -- : Executing add student operation
I, [2023-05-19T14:39:07.458219 #12556]  INFO -- : Adding view to update student controller
I, [2023-05-19T14:39:10.299221 #12556]  INFO -- : Validating fields
E, [2023-05-19T14:39:10.299452 #12556] ERROR -- : Error occurred while validating fields: Incorrect value: last_name=П
I, [2023-05-19T14:39:10.535722 #12556]  INFO -- : Validating fields
I, [2023-05-19T14:39:10.869683 #12556]  INFO -- : Validating fields
I, [2023-05-19T14:39:11.168806 #12556]  INFO -- : Validating fields
I, [2023-05-19T14:39:11.430143 #12556]  INFO -- : Validating fields
I, [2023-05-19T14:39:12.187287 #12556]  INFO -- : Validating fields
I, [2023-05-19T14:39:14.349335 #12556]  INFO -- : Saving updated student
I, [2023-05-19T14:39:14.350541 #12556]  INFO -- : Executing add student operation
I, [2023-05-19T14:42:13.577449 #12793]  INFO -- : Adding view to update student controller
I, [2023-05-19T14:42:17.980220 #12793]  INFO -- : Validating fields
E, [2023-05-19T14:42:17.980496 #12793] ERROR -- : Error occurred while validating fields: Incorrect value: last_name=П
I, [2023-05-19T14:42:18.391439 #12793]  INFO -- : Validating fields
I, [2023-05-19T14:42:18.939733 #12793]  INFO -- : Validating fields
I, [2023-05-19T14:42:19.262300 #12793]  INFO -- : Validating fields
I, [2023-05-19T14:42:19.490893 #12793]  INFO -- : Validating fields
I, [2023-05-19T14:42:19.677083 #12793]  INFO -- : Validating fields
I, [2023-05-19T14:42:21.770000 #12793]  INFO -- : Saving updated student
I, [2023-05-19T14:42:21.771280 #12793]  INFO -- : Executing add student operation
I, [2023-05-19T14:42:46.556391 #12828]  INFO -- : Adding view to update student controller
I, [2023-05-19T14:42:48.551942 #12828]  INFO -- : Validating fields
I, [2023-05-19T14:42:49.028625 #12828]  INFO -- : Validating fields
E, [2023-05-19T14:42:49.028869 #12828] ERROR -- : Error occurred while validating fields: Incorrect value: first_name=Иваy!
I, [2023-05-19T14:42:49.232741 #12828]  INFO -- : Validating fields
E, [2023-05-19T14:42:49.232958 #12828] ERROR -- : Error occurred while validating fields: Incorrect value: first_name=Иваyy!
I, [2023-05-19T14:42:51.564844 #12828]  INFO -- : Validating fields
E, [2023-05-19T14:42:51.565084 #12828] ERROR -- : Error occurred while validating fields: Incorrect value: first_name=Иваy!
I, [2023-05-19T14:42:51.863329 #12828]  INFO -- : Validating fields
I, [2023-05-19T14:42:54.281391 #12828]  INFO -- : Validating fields
I, [2023-05-19T14:42:54.456758 #12828]  INFO -- : Validating fields
I, [2023-05-19T14:42:56.372915 #12828]  INFO -- : Saving updated student
I, [2023-05-19T14:42:56.374071 #12828]  INFO -- : Executing add student operation
I, [2023-05-19T14:45:20.530752 #12904]  INFO -- : Adding view to update student controller
I, [2023-05-19T14:45:23.398520 #12904]  INFO -- : Validating fields
E, [2023-05-19T14:45:23.398725 #12904] ERROR -- : Error occurred while validating fields: Incorrect value: first_name=Иванy!
I, [2023-05-19T14:45:25.324611 #12904]  INFO -- : Validating fields
I, [2023-05-19T14:45:27.349451 #12904]  INFO -- : Validating fields
I, [2023-05-19T14:45:30.177313 #12904]  INFO -- : Saving updated student
I, [2023-05-19T14:45:30.178717 #12904]  INFO -- : Executing add student operation
I, [2023-05-19T15:41:20.385864 #14303]  INFO -- : Adding view to update student controller
I, [2023-05-19T15:41:23.840775 #14303]  INFO -- : Validating fields
I, [2023-05-19T15:41:24.212358 #14303]  INFO -- : Validating fields
I, [2023-05-19T15:41:26.153251 #14303]  INFO -- : Saving updated student
I, [2023-05-19T15:41:26.154367 #14303]  INFO -- : Executing add student operation
I, [2023-05-19T15:45:56.648147 #14743]  INFO -- : Adding view to update student controller
I, [2023-05-19T15:46:11.647359 #14743]  INFO -- : Validating fields
E, [2023-05-19T15:46:11.647582 #14743] ERROR -- : Error occurred while validating fields: Incorrect value: last_name=П
I, [2023-05-19T15:46:11.898913 #14743]  INFO -- : Validating fields
I, [2023-05-19T15:46:12.198998 #14743]  INFO -- : Validating fields
I, [2023-05-19T15:46:12.445451 #14743]  INFO -- : Validating fields
I, [2023-05-19T15:46:12.662497 #14743]  INFO -- : Validating fields
I, [2023-05-19T15:46:12.835983 #14743]  INFO -- : Validating fields
I, [2023-05-19T15:46:16.074643 #14743]  INFO -- : Saving updated student
I, [2023-05-19T15:46:16.076002 #14743]  INFO -- : Executing add student operation
I, [2023-05-19T15:47:09.720339 #14806]  INFO -- : Adding view to update student controller
I, [2023-05-19T16:04:12.894604 #15586]  INFO -- : Adding view to update student controller
I, [2023-05-19T16:04:17.502266 #15586]  INFO -- : Validating fields
E, [2023-05-19T16:04:17.502461 #15586] ERROR -- : Error occurred while validating fields: Incorrect value: last_name=П
I, [2023-05-19T16:04:17.724339 #15586]  INFO -- : Validating fields
I, [2023-05-19T16:04:18.005959 #15586]  INFO -- : Validating fields
I, [2023-05-19T16:04:18.242796 #15586]  INFO -- : Validating fields
I, [2023-05-19T16:04:18.471156 #15586]  INFO -- : Validating fields
I, [2023-05-19T16:04:18.640010 #15586]  INFO -- : Validating fields
I, [2023-05-19T16:04:22.988555 #15586]  INFO -- : Saving updated student
I, [2023-05-19T16:04:22.989818 #15586]  INFO -- : Executing add student operation
I, [2023-05-19T16:10:51.141458 #16997]  INFO -- : Adding view to update student controller
I, [2023-05-19T16:10:55.485871 #16997]  INFO -- : Validating fields
E, [2023-05-19T16:10:55.486124 #16997] ERROR -- : Error occurred while validating fields: Incorrect value: first_name=П!
I, [2023-05-19T16:10:55.690350 #16997]  INFO -- : Validating fields
I, [2023-05-19T16:10:55.951279 #16997]  INFO -- : Validating fields
I, [2023-05-19T16:10:56.190027 #16997]  INFO -- : Validating fields
I, [2023-05-19T16:10:56.421302 #16997]  INFO -- : Validating fields
I, [2023-05-19T16:10:56.571664 #16997]  INFO -- : Validating fields
I, [2023-05-19T16:10:58.472275 #16997]  INFO -- : Saving updated student
I, [2023-05-19T16:10:58.473781 #16997]  INFO -- : Executing add student operation
I, [2023-05-19T16:11:40.385332 #16997]  INFO -- : Adding view to update student controller
I, [2023-05-19T16:11:44.056319 #16997]  INFO -- : Validating fields
I, [2023-05-19T16:11:52.037415 #16997]  INFO -- : Saving updated student
I, [2023-05-19T16:11:52.038481 #16997]  INFO -- : Executing add student operation
I, [2023-05-19T16:13:12.859391 #16997]  INFO -- : Adding view to update student controller
I, [2023-05-19T16:13:17.373482 #16997]  INFO -- : Validating fields
I, [2023-05-19T16:13:19.505338 #16997]  INFO -- : Saving updated student
I, [2023-05-19T16:13:19.506411 #16997]  INFO -- : Executing add student operation
I, [2023-05-19T16:33:38.480779 #18024]  INFO -- : Adding view to update student controller
I, [2023-05-19T16:33:41.521579 #18024]  INFO -- : Validating fields
E, [2023-05-19T16:33:41.521798 #18024] ERROR -- : Error occurred while validating fields: Incorrect value: phone=7918000000!
I, [2023-05-19T16:33:41.812291 #18024]  INFO -- : Validating fields
E, [2023-05-19T16:33:41.812503 #18024] ERROR -- : Error occurred while validating fields: Incorrect value: phone=791800000!
I, [2023-05-19T16:33:42.077383 #18024]  INFO -- : Validating fields
E, [2023-05-19T16:33:42.077613 #18024] ERROR -- : Error occurred while validating fields: Incorrect value: phone=79180000!
I, [2023-05-19T16:33:43.284656 #18024]  INFO -- : Validating fields
E, [2023-05-19T16:33:43.284877 #18024] ERROR -- : Error occurred while validating fields: Incorrect value: phone=791800009!
I, [2023-05-19T16:33:43.663657 #18024]  INFO -- : Validating fields
E, [2023-05-19T16:33:43.663885 #18024] ERROR -- : Error occurred while validating fields: Incorrect value: phone=7918000099!
I, [2023-05-19T16:33:44.005617 #18024]  INFO -- : Validating fields
I, [2023-05-19T16:33:47.589515 #18024]  INFO -- : Saving updated student
I, [2023-05-19T16:33:47.590826 #18024]  INFO -- : Executing add student operation
I, [2023-05-19T16:34:30.264728 #18086]  INFO -- : Adding view to update student controller
I, [2023-05-19T16:34:37.182195 #18086]  INFO -- : Validating fields
E, [2023-05-19T16:34:37.182419 #18086] ERROR -- : Error occurred while validating fields: Incorrect value: git=r!
I, [2023-05-19T16:34:38.710666 #18086]  INFO -- : Validating fields
I, [2023-05-19T16:34:41.900971 #18086]  INFO -- : Validating fields
E, [2023-05-19T16:34:41.901183 #18086] ERROR -- : Error occurred while validating fields: Incorrect value: git=@!
I, [2023-05-19T16:34:42.790373 #18086]  INFO -- : Validating fields
I, [2023-05-19T16:34:43.090245 #18086]  INFO -- : Validating fields
I, [2023-05-19T16:34:43.324668 #18086]  INFO -- : Validating fields
I, [2023-05-19T16:34:43.912310 #18086]  INFO -- : Validating fields
I, [2023-05-19T16:34:44.162769 #18086]  INFO -- : Validating fields
I, [2023-05-19T16:34:44.458231 #18086]  INFO -- : Validating fields
I, [2023-05-19T16:34:45.980319 #18086]  INFO -- : Saving updated student
I, [2023-05-19T16:34:45.981529 #18086]  INFO -- : Executing add student operation
I, [2023-05-19T16:38:01.963327 #18267]  INFO -- : Adding view to update student controller
I, [2023-05-19T16:38:05.306788 #18267]  INFO -- : Validating fields
I, [2023-05-19T16:38:06.475756 #18267]  INFO -- : Validating fields
I, [2023-05-19T16:38:10.354776 #18267]  INFO -- : Saving updated student
I, [2023-05-19T16:38:10.356013 #18267]  INFO -- : Executing add student operation
I, [2023-05-19T16:38:50.563144 #18354]  INFO -- : Adding view to update student controller
I, [2023-05-19T16:40:00.342933 #18429]  INFO -- : Adding view to update student controller
I, [2023-05-19T16:40:21.535364 #18429]  INFO -- : Executing add student operation
I, [2023-05-19T16:41:39.043942 #18512]  INFO -- : Adding view to update student controller
I, [2023-05-19T16:42:01.672440 #18512]  INFO -- : Validating fields
I, [2023-05-19T16:42:02.804753 #18512]  INFO -- : Validating fields
I, [2023-05-19T16:42:03.461561 #18512]  INFO -- : Validating fields
I, [2023-05-19T16:42:06.271576 #18512]  INFO -- : Saving updated student
I, [2023-05-19T16:42:06.272621 #18512]  INFO -- : Executing add student operation
I, [2023-05-19T16:42:20.529350 #18564]  INFO -- : Adding view to update student controller
I, [2023-05-19T16:42:23.810101 #18564]  INFO -- : Validating fields
I, [2023-05-19T16:42:24.651454 #18564]  INFO -- : Validating fields
E, [2023-05-19T16:42:24.651672 #18564] ERROR -- : Error occurred while validating fields: Incorrect value: paternal_name=Борисовиx!
I, [2023-05-19T16:42:24.936219 #18564]  INFO -- : Validating fields
E, [2023-05-19T16:42:24.936433 #18564] ERROR -- : Error occurred while validating fields: Incorrect value: paternal_name=Борисовиxx!
I, [2023-05-19T16:42:27.343129 #18564]  INFO -- : Validating fields
E, [2023-05-19T16:42:27.343362 #18564] ERROR -- : Error occurred while validating fields: Incorrect value: paternal_name=Борисовиx!
I, [2023-05-19T16:42:27.580586 #18564]  INFO -- : Validating fields
I, [2023-05-19T16:42:29.250607 #18564]  INFO -- : Validating fields
I, [2023-05-19T16:42:29.434974 #18564]  INFO -- : Validating fields
I, [2023-05-19T16:42:30.535660 #18564]  INFO -- : Saving updated student
I, [2023-05-19T16:42:30.536949 #18564]  INFO -- : Executing add student operation
I, [2023-05-19T16:44:09.926714 #18657]  INFO -- : Adding view to update student controller
I, [2023-05-19T16:44:15.485748 #18657]  INFO -- : Validating fields
E, [2023-05-19T16:44:15.485993 #18657] ERROR -- : Error occurred while validating fields: Incorrect value: last_name=П
I, [2023-05-19T16:44:15.736734 #18657]  INFO -- : Validating fields
I, [2023-05-19T16:44:16.018094 #18657]  INFO -- : Validating fields
I, [2023-05-19T16:44:16.276930 #18657]  INFO -- : Validating fields
I, [2023-05-19T16:44:16.512315 #18657]  INFO -- : Validating fields
I, [2023-05-19T16:44:16.700991 #18657]  INFO -- : Validating fields
I, [2023-05-19T16:44:20.792456 #18657]  INFO -- : Saving updated student
I, [2023-05-19T16:44:20.793722 #18657]  INFO -- : Executing add student operation
I, [2023-05-19T16:45:28.753503 #18730]  INFO -- : Adding view to update student controller
I, [2023-05-19T16:45:33.876242 #18730]  INFO -- : Validating fields
E, [2023-05-19T16:45:33.876465 #18730] ERROR -- : Error occurred while validating fields: Incorrect value: last_name=П
I, [2023-05-19T16:45:34.138544 #18730]  INFO -- : Validating fields
I, [2023-05-19T16:45:34.470403 #18730]  INFO -- : Validating fields
I, [2023-05-19T16:45:34.720291 #18730]  INFO -- : Validating fields
I, [2023-05-19T16:45:34.945636 #18730]  INFO -- : Validating fields
I, [2023-05-19T16:45:35.109403 #18730]  INFO -- : Validating fields
I, [2023-05-19T16:45:37.140947 #18730]  INFO -- : Saving updated student
I, [2023-05-19T16:45:37.142215 #18730]  INFO -- : Executing add student operation
I, [2023-05-19T16:46:30.148162 #18809]  INFO -- : Adding view to update student controller
I, [2023-05-19T16:48:41.242463 #18929]  INFO -- : Adding view to update student controller
I, [2023-05-19T16:48:43.780165 #18929]  INFO -- : Validating fields
I, [2023-05-19T16:48:43.998322 #18929]  INFO -- : Validating fields
I, [2023-05-19T16:48:44.245316 #18929]  INFO -- : Validating fields
I, [2023-05-19T16:48:46.859494 #18929]  INFO -- : Saving updated student
I, [2023-05-19T16:48:46.860573 #18929]  INFO -- : Executing add student operation
I, [2023-05-19T16:50:56.990402 #19031]  INFO -- : Adding view to update student controller
I, [2023-05-19T16:51:03.524246 #19031]  INFO -- : Validating fields
I, [2023-05-19T16:51:03.734962 #19031]  INFO -- : Validating fields
I, [2023-05-19T16:51:03.986017 #19031]  INFO -- : Validating fields
I, [2023-05-19T16:51:06.198018 #19031]  INFO -- : Saving updated student
I, [2023-05-19T16:51:06.199202 #19031]  INFO -- : Executing add student operation
I, [2023-05-19T16:56:43.765698 #19260]  INFO -- : Adding view to update student controller
I, [2023-05-19T16:56:48.244250 #19260]  INFO -- : Validating fields
I, [2023-05-19T16:56:48.430165 #19260]  INFO -- : Validating fields
I, [2023-05-19T16:56:48.908741 #19260]  INFO -- : Validating fields
I, [2023-05-19T16:56:50.450360 #19260]  INFO -- : Saving updated student
I, [2023-05-19T16:56:50.451799 #19260]  INFO -- : Executing add student operation
I, [2023-05-19T16:59:30.268678 #19381]  INFO -- : Adding view to update student controller
I, [2023-05-19T16:59:35.142432 #19381]  INFO -- : Validating fields
I, [2023-05-19T16:59:35.331322 #19381]  INFO -- : Validating fields
I, [2023-05-19T16:59:35.585756 #19381]  INFO -- : Validating fields
I, [2023-05-19T16:59:36.871894 #19381]  INFO -- : Saving updated student
I, [2023-05-19T18:18:00.762786 #22838]  INFO -- : Adding view to update student controller
I, [2023-05-19T18:18:06.115133 #22838]  INFO -- : Validating fields
E, [2023-05-19T18:18:06.115352 #22838] ERROR -- : Error occurred while validating fields: Incorrect value: last_name=П
I, [2023-05-19T18:18:06.471102 #22838]  INFO -- : Validating fields
I, [2023-05-19T18:18:06.714180 #22838]  INFO -- : Validating fields
I, [2023-05-19T18:18:06.842352 #22838]  INFO -- : Validating fields
I, [2023-05-19T18:18:07.034932 #22838]  INFO -- : Validating fields
I, [2023-05-19T18:18:07.268990 #22838]  INFO -- : Validating fields
I, [2023-05-19T18:18:07.480300 #22838]  INFO -- : Validating fields
I, [2023-05-19T18:18:07.625829 #22838]  INFO -- : Validating fields
I, [2023-05-19T18:18:09.782462 #22838]  INFO -- : Saving updated student
I, [2023-05-19T18:18:09.783521 #22838]  INFO -- : Executing add student operation
